<?xml version="1.0" encoding="UTF-8"?>
<!-- Generated by org.testng.reporters.JUnitXMLReporter -->
<testsuite hostname="SPIT03311234455" ignored="21" name="Default test" tests="1" failures="1" timestamp="15 Jun 2017 18:00:40 GMT" time="17.321" errors="0">
  <testcase name="Loop_Test" time="16.756" classname="Test.NewTest">
    <failure type="org.openqa.selenium.NoSuchElementException" message="Unable to locate element: {&amp;quot;method&amp;quot;:&amp;quot;css selector&amp;quot;,&amp;quot;selector&amp;quot;:&amp;quot;#qwefewf&amp;quot;}
Command duration or timeout: 5.17 seconds
For documentation on this error, please visit: http://seleniumhq.org/exceptions/no_such_element.html
Build info: version: &amp;apos;2.53.1&amp;apos;, revision: &amp;apos;a36b8b1&amp;apos;, time: &amp;apos;2016-06-30 17:32:46&amp;apos;
System info: host: &amp;apos;SPIT03311234455&amp;apos;, ip: &amp;apos;192.168.215.68&amp;apos;, os.name: &amp;apos;Windows 7&amp;apos;, os.arch: &amp;apos;amd64&amp;apos;, os.version: &amp;apos;6.1&amp;apos;, java.version: &amp;apos;1.8.0_73&amp;apos;
Driver info: org.openqa.selenium.firefox.FirefoxDriver
Capabilities [{applicationCacheEnabled=true, rotatable=false, handlesAlerts=true, databaseEnabled=true, version=47.0.1, platform=WINDOWS, nativeEvents=false, acceptSslCerts=true, webStorageEnabled=true, locationContextEnabled=true, browserName=firefox, takesScreenshot=true, javascriptEnabled=true, cssSelectorsEnabled=true}]
Session ID: 77f7103e-7640-4ae5-a649-6adf0cbc4d63
*** Element info: {Using=css selector, value=#qwefewf}">
      <![CDATA[org.openqa.selenium.NoSuchElementException: Unable to locate element: {"method":"css selector","selector":"#qwefewf"}
Command duration or timeout: 5.17 seconds
For documentation on this error, please visit: http://seleniumhq.org/exceptions/no_such_element.html
Build info: version: '2.53.1', revision: 'a36b8b1', time: '2016-06-30 17:32:46'
System info: host: 'SPIT03311234455', ip: '192.168.215.68', os.name: 'Windows 7', os.arch: 'amd64', os.version: '6.1', java.version: '1.8.0_73'
Driver info: org.openqa.selenium.firefox.FirefoxDriver
Capabilities [{applicationCacheEnabled=true, rotatable=false, handlesAlerts=true, databaseEnabled=true, version=47.0.1, platform=WINDOWS, nativeEvents=false, acceptSslCerts=true, webStorageEnabled=true, locationContextEnabled=true, browserName=firefox, takesScreenshot=true, javascriptEnabled=true, cssSelectorsEnabled=true}]
Session ID: 77f7103e-7640-4ae5-a649-6adf0cbc4d63
*** Element info: {Using=css selector, value=#qwefewf}
	at sun.reflect.NativeConstructorAccessorImpl.newInstance0(Native Method)
	at sun.reflect.NativeConstructorAccessorImpl.newInstance(Unknown Source)
	at sun.reflect.DelegatingConstructorAccessorImpl.newInstance(Unknown Source)
	at java.lang.reflect.Constructor.newInstance(Unknown Source)
	at org.openqa.selenium.remote.ErrorHandler.createThrowable(ErrorHandler.java:206)
	at org.openqa.selenium.remote.ErrorHandler.throwIfResponseFailed(ErrorHandler.java:158)
	at org.openqa.selenium.remote.RemoteWebDriver.execute(RemoteWebDriver.java:678)
	at org.openqa.selenium.remote.RemoteWebDriver.findElement(RemoteWebDriver.java:363)
	at org.openqa.selenium.remote.RemoteWebDriver.findElementByCssSelector(RemoteWebDriver.java:492)
	at org.openqa.selenium.By$ByCssSelector.findElement(By.java:430)
	at org.openqa.selenium.remote.RemoteWebDriver.findElement(RemoteWebDriver.java:355)
	at Test.NewTest.Loop_Test(NewTest.java:782)
	at sun.reflect.NativeMethodAccessorImpl.invoke0(Native Method)
	at sun.reflect.NativeMethodAccessorImpl.invoke(Unknown Source)
	at sun.reflect.DelegatingMethodAccessorImpl.invoke(Unknown Source)
	at java.lang.reflect.Method.invoke(Unknown Source)
	at org.testng.internal.MethodInvocationHelper.invokeMethod(MethodInvocationHelper.java:104)
	at org.testng.internal.Invoker.invokeMethod(Invoker.java:645)
	at org.testng.internal.Invoker.invokeTestMethod(Invoker.java:851)
	at org.testng.internal.Invoker.invokeTestMethods(Invoker.java:1177)
	at org.testng.internal.TestMethodWorker.invokeTestMethods(TestMethodWorker.java:129)
	at org.testng.internal.TestMethodWorker.run(TestMethodWorker.java:112)
	at org.testng.TestRunner.privateRun(TestRunner.java:756)
	at org.testng.TestRunner.run(TestRunner.java:610)
	at org.testng.SuiteRunner.runTest(SuiteRunner.java:387)
	at org.testng.SuiteRunner.runSequentially(SuiteRunner.java:382)
	at org.testng.SuiteRunner.privateRun(SuiteRunner.java:340)
	at org.testng.SuiteRunner.run(SuiteRunner.java:289)
	at org.testng.SuiteRunnerWorker.runSuite(SuiteRunnerWorker.java:52)
	at org.testng.SuiteRunnerWorker.run(SuiteRunnerWorker.java:86)
	at org.testng.TestNG.runSuitesSequentially(TestNG.java:1293)
	at org.testng.TestNG.runSuitesLocally(TestNG.java:1218)
	at org.testng.TestNG.runSuites(TestNG.java:1133)
	at org.testng.TestNG.run(TestNG.java:1104)
	at org.testng.remote.AbstractRemoteTestNG.run(AbstractRemoteTestNG.java:132)
	at org.testng.remote.RemoteTestNG.initAndRun(RemoteTestNG.java:236)
	at org.testng.remote.RemoteTestNG.main(RemoteTestNG.java:81)
Caused by: org.openqa.selenium.NoSuchElementException: Unable to locate element: {"method":"css selector","selector":"#qwefewf"}
For documentation on this error, please visit: http://seleniumhq.org/exceptions/no_such_element.html
Build info: version: '2.53.1', revision: 'a36b8b1', time: '2016-06-30 17:32:46'
System info: host: 'SPIT03311234455', ip: '192.168.215.68', os.name: 'Windows 7', os.arch: 'amd64', os.version: '6.1', java.version: '1.8.0_73'
Driver info: driver.version: unknown
	at <anonymous class>.FirefoxDriver.prototype.findElementInternal_(file:///C:/Users/ALYTVY~1/AppData/Local/Temp/anonymous7791704104304541735webdriver-profile/extensions/fxdriver@googlecode.com/components/driver-component.js:10770)
	at <anonymous class>.fxdriver.Timer.prototype.setTimeout/<.notify(file:///C:/Users/ALYTVY~1/AppData/Local/Temp/anonymous7791704104304541735webdriver-profile/extensions/fxdriver@googlecode.com/components/driver-component.js:625)
]]>
    </failure>
  </testcase> <!-- Loop_Test -->
  <testcase name="Things_To_Do_search_FF_events_daterange" time="0.0" classname="Test.NewTest">
    <ignored/>
  </testcase> <!-- Things_To_Do_search_FF_events_daterange -->
  <testcase name="Things_To_Do_search_FF_Array" time="0.0" classname="Test.NewTest">
    <ignored/>
  </testcase> <!-- Things_To_Do_search_FF_Array -->
  <testcase name="WordPress_Login" time="0.0" classname="Test.NewTest">
    <ignored/>
  </testcase> <!-- WordPress_Login -->
  <testcase name="Fun_Facts_Mugshots_FF" time="0.0" classname="Test.NewTest">
    <ignored/>
  </testcase> <!-- Fun_Facts_Mugshots_FF -->
  <testcase name="Filter_Politifact" time="0.0" classname="Test.NewTest">
    <ignored/>
  </testcase> <!-- Filter_Politifact -->
  <testcase name="Membership_Tracking_FF" time="0.0" classname="Test.NewTest">
    <ignored/>
  </testcase> <!-- Membership_Tracking_FF -->
  <testcase name="TBO_Mugshots" time="0.0" classname="Test.NewTest">
    <ignored/>
  </testcase> <!-- TBO_Mugshots -->
  <testcase name="Login" time="0.0" classname="Test.NewTest">
    <ignored/>
  </testcase> <!-- Login -->
  <testcase name="Things_To_Do_search_FF_events_Base" time="0.0" classname="Test.NewTest">
    <ignored/>
  </testcase> <!-- Things_To_Do_search_FF_events_Base -->
  <testcase name="Things_To_Do_search_FF" time="0.0" classname="Test.NewTest">
    <ignored/>
  </testcase> <!-- Things_To_Do_search_FF -->
  <testcase name="Membership_Tracking_IE" time="0.0" classname="Test.NewTest">
    <ignored/>
  </testcase> <!-- Membership_Tracking_IE -->
  <testcase name="Most_Shaed_Tracking_FF" time="0.0" classname="Test.NewTest">
    <ignored/>
  </testcase> <!-- Most_Shaed_Tracking_FF -->
  <testcase name="Fun_Facts_Mugshots_Chrome" time="0.0" classname="Test.NewTest">
    <ignored/>
  </testcase> <!-- Fun_Facts_Mugshots_Chrome -->
  <testcase name="loadPage" time="0.0" classname="Test.NewTest">
    <ignored/>
  </testcase> <!-- loadPage -->
  <testcase name="Fun_Facts2" time="0.0" classname="Test.NewTest">
    <ignored/>
  </testcase> <!-- Fun_Facts2 -->
  <testcase name="Membership_Tracking_Chrome" time="0.0" classname="Test.NewTest">
    <ignored/>
  </testcase> <!-- Membership_Tracking_Chrome -->
  <testcase name="Weather_Tracking_FF" time="0.0" classname="Test.NewTest">
    <ignored/>
  </testcase> <!-- Weather_Tracking_FF -->
  <testcase name="navigationBackExample" time="0.0" classname="Test.NewTest">
    <ignored/>
  </testcase> <!-- navigationBackExample -->
  <testcase name="Trending_Now_TBO_footer_Tracking_FF" time="0.0" classname="Test.NewTest">
    <ignored/>
  </testcase> <!-- Trending_Now_TBO_footer_Tracking_FF -->
  <testcase name="Trending_Now_TBO_Tracking_FF" time="0.0" classname="Test.NewTest">
    <ignored/>
  </testcase> <!-- Trending_Now_TBO_Tracking_FF -->
  <testcase name="Politifact_loadTime_QA" time="0.0" classname="Test.NewTest">
    <ignored/>
  </testcase> <!-- Politifact_loadTime_QA -->
</testsuite> <!-- Default test -->
