<?xml version="1.0" encoding="UTF-8"?>
<!-- Generated by org.testng.reporters.JUnitReportReporter -->
<testsuite name="Test.NewTest" tests="1" time="16.756" ignored="21" failures="0" timestamp="15 Jun 2017 18:00:40 GMT" skipped="0" hostname="SPIT03311234455" errors="1">
  <testcase name="Loop_Test" time="16.756" classname="Test.NewTest">
    <error type="org.openqa.selenium.NoSuchElementException" message="Unable to locate element: {&quot;method&quot;:&quot;css selector&quot;,&quot;selector&quot;:&quot;#qwefewf&quot;}
Command duration or timeout: 5.17 seconds
For documentation on this error, please visit: http://seleniumhq.org/exceptions/no_such_element.html
Build info: version: &#039;2.53.1&#039;, revision: &#039;a36b8b1&#039;, time: &#039;2016-06-30 17:32:46&#039;
System info: host: &#039;SPIT03311234455&#039;, ip: &#039;192.168.215.68&#039;, os.name: &#039;Windows 7&#039;, os.arch: &#039;amd64&#039;, os.version: &#039;6.1&#039;, java.version: &#039;1.8.0_73&#039;
Driver info: org.openqa.selenium.firefox.FirefoxDriver
Capabilities [{applicationCacheEnabled=true, rotatable=false, handlesAlerts=true, databaseEnabled=true, version=47.0.1, platform=WINDOWS, nativeEvents=false, acceptSslCerts=true, webStorageEnabled=true, locationContextEnabled=true, browserName=firefox, takesScreenshot=true, javascriptEnabled=true, cssSelectorsEnabled=true}]
Session ID: 77f7103e-7640-4ae5-a649-6adf0cbc4d63
*** Element info: {Using=css selector, value=#qwefewf}">
      <![CDATA[org.openqa.selenium.NoSuchElementException: Unable to locate element: {"method":"css selector","selector":"#qwefewf"}
Command duration or timeout: 5.17 seconds
For documentation on this error, please visit: http://seleniumhq.org/exceptions/no_such_element.html
Build info: version: '2.53.1', revision: 'a36b8b1', time: '2016-06-30 17:32:46'
System info: host: 'SPIT03311234455', ip: '192.168.215.68', os.name: 'Windows 7', os.arch: 'amd64', os.version: '6.1', java.version: '1.8.0_73'
Driver info: org.openqa.selenium.firefox.FirefoxDriver
Capabilities [{applicationCacheEnabled=true, rotatable=false, handlesAlerts=true, databaseEnabled=true, version=47.0.1, platform=WINDOWS, nativeEvents=false, acceptSslCerts=true, webStorageEnabled=true, locationContextEnabled=true, browserName=firefox, takesScreenshot=true, javascriptEnabled=true, cssSelectorsEnabled=true}]
Session ID: 77f7103e-7640-4ae5-a649-6adf0cbc4d63
*** Element info: {Using=css selector, value=#qwefewf}
	at sun.reflect.NativeConstructorAccessorImpl.newInstance0(Native Method)
	at sun.reflect.NativeConstructorAccessorImpl.newInstance(Unknown Source)
	at sun.reflect.DelegatingConstructorAccessorImpl.newInstance(Unknown Source)
	at java.lang.reflect.Constructor.newInstance(Unknown Source)
	at org.openqa.selenium.remote.ErrorHandler.createThrowable(ErrorHandler.java:206)
	at org.openqa.selenium.remote.ErrorHandler.throwIfResponseFailed(ErrorHandler.java:158)
	at org.openqa.selenium.remote.RemoteWebDriver.execute(RemoteWebDriver.java:678)
	at org.openqa.selenium.remote.RemoteWebDriver.findElement(RemoteWebDriver.java:363)
	at org.openqa.selenium.remote.RemoteWebDriver.findElementByCssSelector(RemoteWebDriver.java:492)
	at org.openqa.selenium.By$ByCssSelector.findElement(By.java:430)
	at org.openqa.selenium.remote.RemoteWebDriver.findElement(RemoteWebDriver.java:355)
	at Test.NewTest.Loop_Test(NewTest.java:782)
	at sun.reflect.NativeMethodAccessorImpl.invoke0(Native Method)
	at sun.reflect.NativeMethodAccessorImpl.invoke(Unknown Source)
	at sun.reflect.DelegatingMethodAccessorImpl.invoke(Unknown Source)
	at java.lang.reflect.Method.invoke(Unknown Source)
	at org.testng.internal.MethodInvocationHelper.invokeMethod(MethodInvocationHelper.java:104)
	at org.testng.internal.Invoker.invokeMethod(Invoker.java:645)
	at org.testng.internal.Invoker.invokeTestMethod(Invoker.java:851)
	at org.testng.internal.Invoker.invokeTestMethods(Invoker.java:1177)
	at org.testng.internal.TestMethodWorker.invokeTestMethods(TestMethodWorker.java:129)
	at org.testng.internal.TestMethodWorker.run(TestMethodWorker.java:112)
	at org.testng.TestRunner.privateRun(TestRunner.java:756)
	at org.testng.TestRunner.run(TestRunner.java:610)
	at org.testng.SuiteRunner.runTest(SuiteRunner.java:387)
	at org.testng.SuiteRunner.runSequentially(SuiteRunner.java:382)
	at org.testng.SuiteRunner.privateRun(SuiteRunner.java:340)
	at org.testng.SuiteRunner.run(SuiteRunner.java:289)
	at org.testng.SuiteRunnerWorker.runSuite(SuiteRunnerWorker.java:52)
	at org.testng.SuiteRunnerWorker.run(SuiteRunnerWorker.java:86)
	at org.testng.TestNG.runSuitesSequentially(TestNG.java:1293)
	at org.testng.TestNG.runSuitesLocally(TestNG.java:1218)
	at org.testng.TestNG.runSuites(TestNG.java:1133)
	at org.testng.TestNG.run(TestNG.java:1104)
	at org.testng.remote.AbstractRemoteTestNG.run(AbstractRemoteTestNG.java:132)
	at org.testng.remote.RemoteTestNG.initAndRun(RemoteTestNG.java:236)
	at org.testng.remote.RemoteTestNG.main(RemoteTestNG.java:81)
Caused by: org.openqa.selenium.NoSuchElementException: Unable to locate element: {"method":"css selector","selector":"#qwefewf"}
For documentation on this error, please visit: http://seleniumhq.org/exceptions/no_such_element.html
Build info: version: '2.53.1', revision: 'a36b8b1', time: '2016-06-30 17:32:46'
System info: host: 'SPIT03311234455', ip: '192.168.215.68', os.name: 'Windows 7', os.arch: 'amd64', os.version: '6.1', java.version: '1.8.0_73'
Driver info: driver.version: unknown
	at <anonymous class>.FirefoxDriver.prototype.findElementInternal_(file:///C:/Users/ALYTVY~1/AppData/Local/Temp/anonymous7791704104304541735webdriver-profile/extensions/fxdriver@googlecode.com/components/driver-component.js:10770)
	at <anonymous class>.fxdriver.Timer.prototype.setTimeout/<.notify(file:///C:/Users/ALYTVY~1/AppData/Local/Temp/anonymous7791704104304541735webdriver-profile/extensions/fxdriver@googlecode.com/components/driver-component.js:625)
]]>
    </error>
  </testcase> <!-- Loop_Test -->
  <testcase name="Things_To_Do_search_FF_events_daterange" classname="Test.NewTest">
    <skipped/>
  </testcase> <!-- Things_To_Do_search_FF_events_daterange -->
  <testcase name="Things_To_Do_search_FF_Array" classname="Test.NewTest">
    <skipped/>
  </testcase> <!-- Things_To_Do_search_FF_Array -->
  <testcase name="WordPress_Login" classname="Test.NewTest">
    <skipped/>
  </testcase> <!-- WordPress_Login -->
  <testcase name="Fun_Facts_Mugshots_FF" classname="Test.NewTest">
    <skipped/>
  </testcase> <!-- Fun_Facts_Mugshots_FF -->
  <testcase name="Filter_Politifact" classname="Test.NewTest">
    <skipped/>
  </testcase> <!-- Filter_Politifact -->
  <testcase name="Membership_Tracking_FF" classname="Test.NewTest">
    <skipped/>
  </testcase> <!-- Membership_Tracking_FF -->
  <testcase name="TBO_Mugshots" classname="Test.NewTest">
    <skipped/>
  </testcase> <!-- TBO_Mugshots -->
  <testcase name="Login" classname="Test.NewTest">
    <skipped/>
  </testcase> <!-- Login -->
  <testcase name="Things_To_Do_search_FF_events_Base" classname="Test.NewTest">
    <skipped/>
  </testcase> <!-- Things_To_Do_search_FF_events_Base -->
  <testcase name="Things_To_Do_search_FF" classname="Test.NewTest">
    <skipped/>
  </testcase> <!-- Things_To_Do_search_FF -->
  <testcase name="Membership_Tracking_IE" classname="Test.NewTest">
    <skipped/>
  </testcase> <!-- Membership_Tracking_IE -->
  <testcase name="Most_Shaed_Tracking_FF" classname="Test.NewTest">
    <skipped/>
  </testcase> <!-- Most_Shaed_Tracking_FF -->
  <testcase name="Fun_Facts_Mugshots_Chrome" classname="Test.NewTest">
    <skipped/>
  </testcase> <!-- Fun_Facts_Mugshots_Chrome -->
  <testcase name="loadPage" classname="Test.NewTest">
    <skipped/>
  </testcase> <!-- loadPage -->
  <testcase name="Fun_Facts2" classname="Test.NewTest">
    <skipped/>
  </testcase> <!-- Fun_Facts2 -->
  <testcase name="Membership_Tracking_Chrome" classname="Test.NewTest">
    <skipped/>
  </testcase> <!-- Membership_Tracking_Chrome -->
  <testcase name="Weather_Tracking_FF" classname="Test.NewTest">
    <skipped/>
  </testcase> <!-- Weather_Tracking_FF -->
  <testcase name="navigationBackExample" classname="Test.NewTest">
    <skipped/>
  </testcase> <!-- navigationBackExample -->
  <testcase name="Trending_Now_TBO_footer_Tracking_FF" classname="Test.NewTest">
    <skipped/>
  </testcase> <!-- Trending_Now_TBO_footer_Tracking_FF -->
  <testcase name="Trending_Now_TBO_Tracking_FF" classname="Test.NewTest">
    <skipped/>
  </testcase> <!-- Trending_Now_TBO_Tracking_FF -->
  <testcase name="Politifact_loadTime_QA" classname="Test.NewTest">
    <skipped/>
  </testcase> <!-- Politifact_loadTime_QA -->
</testsuite> <!-- Test.NewTest -->
